1640066390.056108 client started (3383): version 3.0a, socket /tmp/tmux-1000/default, protocol 8
1640066390.056398 on Linux 5.10.16.3-microsoft-standard-WSL2 #1 SMP Fri Apr 2 22:23:49 UTC 2021; libevent 2.1.11-stable (poll)
1640066390.056511 socket is /tmp/tmux-1000/default
1640066390.056607 trying connect
1640066390.056709 add peer 0x56326751fe70: 6 ((nil))
1640066390.057721 sending message 100 to peer 0x56326751fe70 (4 bytes)
1640066390.057795 sending message 101 to peer 0x56326751fe70 (7 bytes)
1640066390.057871 sending message 102 to peer 0x56326751fe70 (11 bytes)
1640066390.057940 sending message 108 to peer 0x56326751fe70 (35 bytes)
1640066390.058382 sending message 104 to peer 0x56326751fe70 (0 bytes)
1640066390.058472 sending message 107 to peer 0x56326751fe70 (4 bytes)
1640066390.058538 sending message 105 to peer 0x56326751fe70 (16 bytes)
1640066390.058603 sending message 105 to peer 0x56326751fe70 (23 bytes)
1640066390.058669 sending message 105 to peer 0x56326751fe70 (35 bytes)
1640066390.058734 sending message 105 to peer 0x56326751fe70 (21 bytes)
1640066390.058797 sending message 105 to peer 0x56326751fe70 (39 bytes)
1640066390.058863 sending message 105 to peer 0x56326751fe70 (19 bytes)
1640066390.058929 sending message 105 to peer 0x56326751fe70 (23 bytes)
1640066390.058994 sending message 105 to peer 0x56326751fe70 (22 bytes)
1640066390.059058 sending message 105 to peer 0x56326751fe70 (13 bytes)
1640066390.059123 sending message 105 to peer 0x56326751fe70 (33 bytes)
1640066390.059188 sending message 105 to peer 0x56326751fe70 (1506 bytes)
1640066390.059259 sending message 105 to peer 0x56326751fe70 (34 bytes)
1640066390.059325 sending message 105 to peer 0x56326751fe70 (12 bytes)
1640066390.059390 sending message 105 to peer 0x56326751fe70 (32 bytes)
1640066390.059455 sending message 105 to peer 0x56326751fe70 (16 bytes)
1640066390.059521 sending message 105 to peer 0x56326751fe70 (13 bytes)
1640066390.059585 sending message 105 to peer 0x56326751fe70 (8 bytes)
1640066390.059650 sending message 105 to peer 0x56326751fe70 (8 bytes)
1640066390.059715 sending message 105 to peer 0x56326751fe70 (65 bytes)
1640066390.059781 sending message 105 to peer 0x56326751fe70 (1334 bytes)
1640066390.059846 sending message 105 to peer 0x56326751fe70 (16 bytes)
1640066390.059910 sending message 105 to peer 0x56326751fe70 (35 bytes)
1640066390.059974 sending message 105 to peer 0x56326751fe70 (16 bytes)
1640066390.060039 sending message 106 to peer 0x56326751fe70 (0 bytes)
1640066390.060105 sending message 200 to peer 0x56326751fe70 (4 bytes)
1640066390.060171 client loop enter
1640066390.060381 peer 0x56326751fe70 message 211
1640066390.060455 client_write: sessions should be nested with care, unset $TMUX to force\n
1640066390.060533 peer 0x56326751fe70 message 203
1640066390.060699 client loop exit
